<?xml version="1.0" encoding="UTF-8"?>
<!-- Generated by org.testng.reporters.JUnitReportReporter -->
<testsuite skipped="0" hostname="MONISHA-PC" name="Monu.demoA" tests="1" failures="0" timestamp="03 Apr 2021 06:12:16 GMT" time="0.066" errors="0">
  <testcase name="testA" time="0.066" classname="Monu.demoA"/>
</testsuite> <!-- Monu.demoA -->
